# JRE version: OpenJDK Runtime Environment Temurin-17.0.4.1+1 (17.0.4.1+1) (build 17.0.4.1+1)
# Java VM: OpenJDK 64-Bit Server VM Temurin-17.0.4.1+1 (17.0.4.1+1, mixed mode, sharing, tiered, compressed oops, compressed class ptrs, g1 gc, windows-amd64)
GC Precious Log:
 CPUs: 16 total, 16 available
 Memory: 49060M
 Large Page Support: Disabled
 NUMA Support: Disabled
 Compressed Oops: Enabled (Zero based)
 Heap Region Size: 2M
 Heap Min Capacity: 8M
 Heap Initial Capacity: 768M
 Heap Max Capacity: 3G
 Pre-touch: Disabled
 Parallel Workers: 13
 Concurrent Workers: 3
 Concurrent Refinement Workers: 13
 Periodic GC: Disabled
Heap:
 garbage-first heap   total 489472K, used 66739K [0x0000000740000000, 0x0000000800000000)
  region size 2048K, 5 young (10240K), 4 survivors (8192K)
 Metaspace       used 59415K, committed 60032K, reserved 1105920K
  class space    used 8127K, committed 8384K, reserved 1048576K
GC Heap History (20 events):
Event: 2.879 GC heap before
{Heap before GC invocations=11 (full 0):
 garbage-first heap   total 90112K, used 65046K [0x0000000740000000, 0x0000000800000000)
  region size 2048K, 19 young (38912K), 3 survivors (6144K)
 Metaspace       used 46510K, committed 46976K, reserved 1089536K
  class space    used 6304K, committed 6528K, reserved 1048576K
}
Event: 2.882 GC heap after
{Heap after GC invocations=12 (full 0):
 garbage-first heap   total 90112K, used 37572K [0x0000000740000000, 0x0000000800000000)
  region size 2048K, 3 young (6144K), 3 survivors (6144K)
 Metaspace       used 46510K, committed 46976K, reserved 1089536K
  class space    used 6304K, committed 6528K, reserved 1048576K
}
Event: 3.142 GC heap before
{Heap before GC invocations=12 (full 0):
 garbage-first heap   total 90112K, used 70340K [0x0000000740000000, 0x0000000800000000)
  region size 2048K, 18 young (36864K), 3 survivors (6144K)
 Metaspace       used 51306K, committed 51840K, reserved 1097728K
  class space    used 6982K, committed 7232K, reserved 1048576K
}
Event: 3.144 GC heap after
{Heap after GC invocations=13 (full 0):
 garbage-first heap   total 90112K, used 43236K [0x0000000740000000, 0x0000000800000000)
  region size 2048K, 2 young (4096K), 2 survivors (4096K)
 Metaspace       used 51306K, committed 51840K, reserved 1097728K
  class space    used 6982K, committed 7232K, reserved 1048576K
}
Event: 3.255 GC heap before
{Heap before GC invocations=13 (full 0):
 garbage-first heap   total 90112K, used 67812K [0x0000000740000000, 0x0000000800000000)
  region size 2048K, 14 young (28672K), 2 survivors (4096K)
 Metaspace       used 52232K, committed 52736K, reserved 1097728K
  class space    used 7125K, committed 7360K, reserved 1048576K
}
Event: 3.257 GC heap after
{Heap after GC invocations=14 (full 0):
 garbage-first heap   total 90112K, used 46357K [0x0000000740000000, 0x0000000800000000)
  region size 2048K, 2 young (4096K), 2 survivors (4096K)
 Metaspace       used 52232K, committed 52736K, reserved 1097728K
  class space    used 7125K, committed 7360K, reserved 1048576K
}
Event: 3.328 GC heap before
{Heap before GC invocations=15 (full 0):
 garbage-first heap   total 90112K, used 68885K [0x0000000740000000, 0x0000000800000000)
  region size 2048K, 13 young (26624K), 2 survivors (4096K)
 Metaspace       used 52483K, committed 53056K, reserved 1097728K
  class space    used 7165K, committed 7424K, reserved 1048576K
}
Event: 3.329 GC heap after
{Heap after GC invocations=16 (full 0):
 garbage-first heap   total 90112K, used 48714K [0x0000000740000000, 0x0000000800000000)
  region size 2048K, 2 young (4096K), 2 survivors (4096K)
 Metaspace       used 52483K, committed 53056K, reserved 1097728K
  class space    used 7165K, committed 7424K, reserved 1048576K
}
Event: 3.434 GC heap before
{Heap before GC invocations=16 (full 0):
 garbage-first heap   total 90112K, used 69194K [0x0000000740000000, 0x0000000800000000)
  region size 2048K, 12 young (24576K), 2 survivors (4096K)
 Metaspace       used 53219K, committed 53760K, reserved 1097728K
  class space    used 7302K, committed 7552K, reserved 1048576K
}
Event: 3.437 GC heap after
{Heap after GC invocations=17 (full 0):
 garbage-first heap   total 438272K, used 50882K [0x0000000740000000, 0x0000000800000000)
  region size 2048K, 2 young (4096K), 2 survivors (4096K)
 Metaspace       used 53219K, committed 53760K, reserved 1097728K
  class space    used 7302K, committed 7552K, reserved 1048576K
}
Event: 3.966 GC heap before
{Heap before GC invocations=18 (full 0):
 garbage-first heap   total 192512K, used 140994K [0x0000000740000000, 0x0000000800000000)
  region size 2048K, 34 young (69632K), 2 survivors (4096K)
 Metaspace       used 57752K, committed 58304K, reserved 1105920K
  class space    used 7902K, committed 8192K, reserved 1048576K
}
Event: 3.968 GC heap after
{Heap after GC invocations=19 (full 0):
 garbage-first heap   total 192512K, used 53940K [0x0000000740000000, 0x0000000800000000)
  region size 2048K, 3 young (6144K), 3 survivors (6144K)
 Metaspace       used 57752K, committed 58304K, reserved 1105920K
  class space    used 7902K, committed 8192K, reserved 1048576K
}
Event: 4.062 GC heap before
{Heap before GC invocations=19 (full 0):
 garbage-first heap   total 192512K, used 90804K [0x0000000740000000, 0x0000000800000000)
  region size 2048K, 11 young (22528K), 3 survivors (6144K)
 Metaspace       used 58126K, committed 58752K, reserved 1105920K
  class space    used 7922K, committed 8192K, reserved 1048576K
}
Event: 4.064 GC heap after
{Heap after GC invocations=20 (full 0):
 garbage-first heap   total 192512K, used 54795K [0x0000000740000000, 0x0000000800000000)
  region size 2048K, 3 young (6144K), 3 survivors (6144K)
 Metaspace       used 58126K, committed 58752K, reserved 1105920K
  class space    used 7922K, committed 8192K, reserved 1048576K
}
Event: 4.088 GC heap before
{Heap before GC invocations=20 (full 0):
 garbage-first heap   total 192512K, used 87563K [0x0000000740000000, 0x0000000800000000)
  region size 2048K, 8 young (16384K), 3 survivors (6144K)
 Metaspace       used 58164K, committed 58752K, reserved 1105920K
  class space    used 7922K, committed 8192K, reserved 1048576K
}
Event: 4.090 GC heap after
{Heap after GC invocations=21 (full 0):
 garbage-first heap   total 192512K, used 54951K [0x0000000740000000, 0x0000000800000000)
  region size 2048K, 4 young (8192K), 4 survivors (8192K)
 Metaspace       used 58164K, committed 58752K, reserved 1105920K
  class space    used 7922K, committed 8192K, reserved 1048576K
}
Event: 4.285 GC heap before
{Heap before GC invocations=21 (full 0):
 garbage-first heap   total 192512K, used 118439K [0x0000000740000000, 0x0000000800000000)
  region size 2048K, 18 young (36864K), 4 survivors (8192K)
 Metaspace       used 59324K, committed 59968K, reserved 1105920K
  class space    used 8127K, committed 8384K, reserved 1048576K
}
Event: 4.288 GC heap after
{Heap after GC invocations=22 (full 0):
 garbage-first heap   total 192512K, used 58336K [0x0000000740000000, 0x0000000800000000)
  region size 2048K, 5 young (10240K), 5 survivors (10240K)
 Metaspace       used 59324K, committed 59968K, reserved 1105920K
  class space    used 8127K, committed 8384K, reserved 1048576K
}
Event: 4.327 GC heap before
{Heap before GC invocations=22 (full 0):
 garbage-first heap   total 192512K, used 95200K [0x0000000740000000, 0x0000000800000000)
  region size 2048K, 7 young (14336K), 5 survivors (10240K)
 Metaspace       used 59398K, committed 60032K, reserved 1105920K
  class space    used 8127K, committed 8384K, reserved 1048576K
}
Event: 4.330 GC heap after
{Heap after GC invocations=23 (full 0):
 garbage-first heap   total 192512K, used 58239K [0x0000000740000000, 0x0000000800000000)
  region size 2048K, 4 young (8192K), 4 survivors (8192K)
 Metaspace       used 59398K, committed 60032K, reserved 1105920K
  class space    used 8127K, committed 8384K, reserved 1048576K
}

