# JRE version: OpenJDK Runtime Environment Temurin-17.0.4.1+1 (17.0.4.1+1) (build 17.0.4.1+1)
# Java VM: OpenJDK 64-Bit Server VM Temurin-17.0.4.1+1 (17.0.4.1+1, mixed mode, sharing, tiered, compressed oops, compressed class ptrs, g1 gc, windows-amd64)
GC Precious Log:
 CPUs: 16 total, 16 available
 Memory: 49060M
 Large Page Support: Disabled
 NUMA Support: Disabled
 Compressed Oops: Enabled (Zero based)
 Heap Region Size: 2M
 Heap Min Capacity: 8M
 Heap Initial Capacity: 768M
 Heap Max Capacity: 3G
 Pre-touch: Disabled
 Parallel Workers: 13
 Concurrent Workers: 3
 Concurrent Refinement Workers: 13
 Periodic GC: Disabled
Heap:
 garbage-first heap   total 456704K, used 143290K [0x0000000740000000, 0x0000000800000000)
  region size 2048K, 28 young (57344K), 4 survivors (8192K)
 Metaspace       used 64362K, committed 65024K, reserved 1105920K
  class space    used 8767K, committed 9088K, reserved 1048576K
GC Heap History (20 events):
Event: 5.486 GC heap before
{Heap before GC invocations=14 (full 0):
 garbage-first heap   total 438272K, used 203148K [0x0000000740000000, 0x0000000800000000)
  region size 2048K, 26 young (53248K), 11 survivors (22528K)
 Metaspace       used 59959K, committed 60480K, reserved 1105920K
  class space    used 8137K, committed 8384K, reserved 1048576K
}
Event: 5.491 GC heap after
{Heap after GC invocations=15 (full 0):
 garbage-first heap   total 438272K, used 58768K [0x0000000740000000, 0x0000000800000000)
  region size 2048K, 2 young (4096K), 2 survivors (4096K)
 Metaspace       used 59959K, committed 60480K, reserved 1105920K
  class space    used 8137K, committed 8384K, reserved 1048576K
}
Event: 6.329 GC heap before
{Heap before GC invocations=16 (full 0):
 garbage-first heap   total 225280K, used 200080K [0x0000000740000000, 0x0000000800000000)
  region size 2048K, 71 young (145408K), 2 survivors (4096K)
 Metaspace       used 62786K, committed 63488K, reserved 1105920K
  class space    used 8632K, committed 8960K, reserved 1048576K
}
Event: 6.333 GC heap after
{Heap after GC invocations=17 (full 0):
 garbage-first heap   total 225280K, used 66684K [0x0000000740000000, 0x0000000800000000)
  region size 2048K, 6 young (12288K), 6 survivors (12288K)
 Metaspace       used 62786K, committed 63488K, reserved 1105920K
  class space    used 8632K, committed 8960K, reserved 1048576K
}
Event: 6.338 GC heap before
{Heap before GC invocations=17 (full 0):
 garbage-first heap   total 225280K, used 68732K [0x0000000740000000, 0x0000000800000000)
  region size 2048K, 7 young (14336K), 6 survivors (12288K)
 Metaspace       used 62786K, committed 63488K, reserved 1105920K
  class space    used 8632K, committed 8960K, reserved 1048576K
}
Event: 6.341 GC heap after
{Heap after GC invocations=18 (full 0):
 garbage-first heap   total 225280K, used 67664K [0x0000000740000000, 0x0000000800000000)
  region size 2048K, 1 young (2048K), 1 survivors (2048K)
 Metaspace       used 62786K, committed 63488K, reserved 1105920K
  class space    used 8632K, committed 8960K, reserved 1048576K
}
Event: 158.511 GC heap before
{Heap before GC invocations=18 (full 0):
 garbage-first heap   total 225280K, used 178256K [0x0000000740000000, 0x0000000800000000)
  region size 2048K, 55 young (112640K), 1 survivors (2048K)
 Metaspace       used 64039K, committed 64768K, reserved 1105920K
  class space    used 8757K, committed 9088K, reserved 1048576K
}
Event: 158.513 GC heap after
{Heap after GC invocations=19 (full 0):
 garbage-first heap   total 225280K, used 71899K [0x0000000740000000, 0x0000000800000000)
  region size 2048K, 3 young (6144K), 3 survivors (6144K)
 Metaspace       used 64039K, committed 64768K, reserved 1105920K
  class space    used 8757K, committed 9088K, reserved 1048576K
}
Event: 158.556 GC heap before
{Heap before GC invocations=19 (full 0):
 garbage-first heap   total 225280K, used 82139K [0x0000000740000000, 0x0000000800000000)
  region size 2048K, 7 young (14336K), 3 survivors (6144K)
 Metaspace       used 64102K, committed 64832K, reserved 1105920K
  class space    used 8757K, committed 9088K, reserved 1048576K
}
Event: 158.558 GC heap after
{Heap after GC invocations=20 (full 0):
 garbage-first heap   total 225280K, used 72543K [0x0000000740000000, 0x0000000800000000)
  region size 2048K, 4 young (8192K), 4 survivors (8192K)
 Metaspace       used 64102K, committed 64832K, reserved 1105920K
  class space    used 8757K, committed 9088K, reserved 1048576K
}
Event: 158.619 GC heap before
{Heap before GC invocations=20 (full 0):
 garbage-first heap   total 225280K, used 105311K [0x0000000740000000, 0x0000000800000000)
  region size 2048K, 10 young (20480K), 4 survivors (8192K)
 Metaspace       used 64157K, committed 64896K, reserved 1105920K
  class space    used 8757K, committed 9088K, reserved 1048576K
}
Event: 158.622 GC heap after
{Heap after GC invocations=21 (full 0):
 garbage-first heap   total 225280K, used 73266K [0x0000000740000000, 0x0000000800000000)
  region size 2048K, 4 young (8192K), 4 survivors (8192K)
 Metaspace       used 64157K, committed 64896K, reserved 1105920K
  class space    used 8757K, committed 9088K, reserved 1048576K
}
Event: 158.645 GC heap before
{Heap before GC invocations=21 (full 0):
 garbage-first heap   total 225280K, used 99890K [0x0000000740000000, 0x0000000800000000)
  region size 2048K, 7 young (14336K), 4 survivors (8192K)
 Metaspace       used 64184K, committed 64896K, reserved 1105920K
  class space    used 8757K, committed 9088K, reserved 1048576K
}
Event: 158.647 GC heap after
{Heap after GC invocations=22 (full 0):
 garbage-first heap   total 225280K, used 73479K [0x0000000740000000, 0x0000000800000000)
  region size 2048K, 4 young (8192K), 4 survivors (8192K)
 Metaspace       used 64184K, committed 64896K, reserved 1105920K
  class space    used 8757K, committed 9088K, reserved 1048576K
}
Event: 158.649 GC heap before
{Heap before GC invocations=22 (full 0):
 garbage-first heap   total 225280K, used 75527K [0x0000000740000000, 0x0000000800000000)
  region size 2048K, 5 young (10240K), 4 survivors (8192K)
 Metaspace       used 64184K, committed 64896K, reserved 1105920K
  class space    used 8757K, committed 9088K, reserved 1048576K
}
Event: 158.652 GC heap after
{Heap after GC invocations=23 (full 0):
 garbage-first heap   total 456704K, used 73530K [0x0000000740000000, 0x0000000800000000)
  region size 2048K, 4 young (8192K), 4 survivors (8192K)
 Metaspace       used 64184K, committed 64896K, reserved 1105920K
  class space    used 8757K, committed 9088K, reserved 1048576K
}
Event: 158.721 GC heap before
{Heap before GC invocations=23 (full 0):
 garbage-first heap   total 456704K, used 149306K [0x0000000740000000, 0x0000000800000000)
  region size 2048K, 6 young (12288K), 4 survivors (8192K)
 Metaspace       used 64213K, committed 64896K, reserved 1105920K
  class space    used 8758K, committed 9088K, reserved 1048576K
}
Event: 158.724 GC heap after
{Heap after GC invocations=24 (full 0):
 garbage-first heap   total 456704K, used 73628K [0x0000000740000000, 0x0000000800000000)
  region size 2048K, 4 young (8192K), 4 survivors (8192K)
 Metaspace       used 64213K, committed 64896K, reserved 1105920K
  class space    used 8758K, committed 9088K, reserved 1048576K
}
Event: 158.780 GC heap before
{Heap before GC invocations=24 (full 0):
 garbage-first heap   total 456704K, used 157596K [0x0000000740000000, 0x0000000800000000)
  region size 2048K, 8 young (16384K), 4 survivors (8192K)
 Metaspace       used 64236K, committed 64896K, reserved 1105920K
  class space    used 8758K, committed 9088K, reserved 1048576K
}
Event: 158.783 GC heap after
{Heap after GC invocations=25 (full 0):
 garbage-first heap   total 456704K, used 73658K [0x0000000740000000, 0x0000000800000000)
  region size 2048K, 4 young (8192K), 4 survivors (8192K)
 Metaspace       used 64236K, committed 64896K, reserved 1105920K
  class space    used 8758K, committed 9088K, reserved 1048576K
}

